2020-04-07 15:59:27 startup archives unpack
2020-04-07 15:59:27 install virtualbox-guest-utils:amd64 <none> 5.2.34-dfsg-0~ubuntu18.04.1
2020-04-07 15:59:27 status half-installed virtualbox-guest-utils:amd64 5.2.34-dfsg-0~ubuntu18.04.1
2020-04-07 15:59:27 status triggers-pending ureadahead:amd64 0.100.0-21
2020-04-07 15:59:27 status triggers-pending systemd:amd64 237-3ubuntu10.39
2020-04-07 15:59:27 status triggers-pending man-db:amd64 2.8.3-2ubuntu0.1
2020-04-07 15:59:27 status unpacked virtualbox-guest-utils:amd64 5.2.34-dfsg-0~ubuntu18.04.1
2020-04-07 15:59:27 status unpacked virtualbox-guest-utils:amd64 5.2.34-dfsg-0~ubuntu18.04.1
2020-04-07 15:59:27 startup packages configure
2020-04-07 15:59:27 configure virtualbox-guest-utils:amd64 5.2.34-dfsg-0~ubuntu18.04.1 <none>
2020-04-07 15:59:27 status unpacked virtualbox-guest-utils:amd64 5.2.34-dfsg-0~ubuntu18.04.1
2020-04-07 15:59:27 status unpacked virtualbox-guest-utils:amd64 5.2.34-dfsg-0~ubuntu18.04.1
2020-04-07 15:59:27 status half-configured virtualbox-guest-utils:amd64 5.2.34-dfsg-0~ubuntu18.04.1
2020-04-07 15:59:27 status installed virtualbox-guest-utils:amd64 5.2.34-dfsg-0~ubuntu18.04.1
2020-04-07 15:59:27 trigproc ureadahead:amd64 0.100.0-21 <none>
2020-04-07 15:59:27 status half-configured ureadahead:amd64 0.100.0-21
2020-04-07 15:59:27 status installed ureadahead:amd64 0.100.0-21
2020-04-07 15:59:27 trigproc systemd:amd64 237-3ubuntu10.39 <none>
2020-04-07 15:59:27 status half-configured systemd:amd64 237-3ubuntu10.39
2020-04-07 15:59:27 status installed systemd:amd64 237-3ubuntu10.39
2020-04-07 15:59:27 trigproc man-db:amd64 2.8.3-2ubuntu0.1 <none>
2020-04-07 15:59:27 status half-configured man-db:amd64 2.8.3-2ubuntu0.1
2020-04-07 15:59:28 status installed man-db:amd64 2.8.3-2ubuntu0.1
2020-04-18 18:40:40 startup archives unpack
2020-04-18 18:40:40 install apt-transport-https:all <none> 1.6.12
2020-04-18 18:40:40 status half-installed apt-transport-https:all 1.6.12
2020-04-18 18:40:40 status unpacked apt-transport-https:all 1.6.12
2020-04-18 18:40:40 status unpacked apt-transport-https:all 1.6.12
2020-04-18 18:40:40 startup packages configure
2020-04-18 18:40:40 configure apt-transport-https:all 1.6.12 <none>
2020-04-18 18:40:40 status unpacked apt-transport-https:all 1.6.12
2020-04-18 18:40:40 status half-configured apt-transport-https:all 1.6.12
2020-04-18 18:40:40 status installed apt-transport-https:all 1.6.12
2020-04-18 18:40:50 startup archives unpack
2020-04-18 18:40:50 install containerd.io:amd64 <none> 1.2.13-1
2020-04-18 18:40:50 status half-installed containerd.io:amd64 1.2.13-1
2020-04-18 18:40:52 status unpacked containerd.io:amd64 1.2.13-1
2020-04-18 18:40:52 status unpacked containerd.io:amd64 1.2.13-1
2020-04-18 18:40:52 install docker-ce-cli:amd64 <none> 5:19.03.8~3-0~ubuntu-bionic
2020-04-18 18:40:52 status half-installed docker-ce-cli:amd64 5:19.03.8~3-0~ubuntu-bionic
2020-04-18 18:40:55 status triggers-pending man-db:amd64 2.8.3-2ubuntu0.1
2020-04-18 18:40:55 status unpacked docker-ce-cli:amd64 5:19.03.8~3-0~ubuntu-bionic
2020-04-18 18:40:55 status unpacked docker-ce-cli:amd64 5:19.03.8~3-0~ubuntu-bionic
2020-04-18 18:40:55 install docker-ce:amd64 <none> 5:19.03.8~3-0~ubuntu-bionic
2020-04-18 18:40:55 status half-installed docker-ce:amd64 5:19.03.8~3-0~ubuntu-bionic
2020-04-18 18:40:55 status triggers-pending ureadahead:amd64 0.100.0-21
2020-04-18 18:40:55 status triggers-pending ureadahead:amd64 0.100.0-21
2020-04-18 18:40:55 status triggers-pending systemd:amd64 237-3ubuntu10.39
2020-04-18 18:40:57 status unpacked docker-ce:amd64 5:19.03.8~3-0~ubuntu-bionic
2020-04-18 18:40:57 status unpacked docker-ce:amd64 5:19.03.8~3-0~ubuntu-bionic
2020-04-18 18:40:57 startup packages configure
2020-04-18 18:40:57 configure containerd.io:amd64 1.2.13-1 <none>
2020-04-18 18:40:57 status unpacked containerd.io:amd64 1.2.13-1
2020-04-18 18:40:57 status unpacked containerd.io:amd64 1.2.13-1
2020-04-18 18:40:57 status half-configured containerd.io:amd64 1.2.13-1
2020-04-18 18:40:58 status installed containerd.io:amd64 1.2.13-1
2020-04-18 18:40:58 configure docker-ce-cli:amd64 5:19.03.8~3-0~ubuntu-bionic <none>
2020-04-18 18:40:58 status unpacked docker-ce-cli:amd64 5:19.03.8~3-0~ubuntu-bionic
2020-04-18 18:40:58 status half-configured docker-ce-cli:amd64 5:19.03.8~3-0~ubuntu-bionic
2020-04-18 18:40:58 status installed docker-ce-cli:amd64 5:19.03.8~3-0~ubuntu-bionic
2020-04-18 18:40:58 configure docker-ce:amd64 5:19.03.8~3-0~ubuntu-bionic <none>
2020-04-18 18:40:58 status unpacked docker-ce:amd64 5:19.03.8~3-0~ubuntu-bionic
2020-04-18 18:40:58 status unpacked docker-ce:amd64 5:19.03.8~3-0~ubuntu-bionic
2020-04-18 18:40:58 status unpacked docker-ce:amd64 5:19.03.8~3-0~ubuntu-bionic
2020-04-18 18:40:58 status unpacked docker-ce:amd64 5:19.03.8~3-0~ubuntu-bionic
2020-04-18 18:40:58 status half-configured docker-ce:amd64 5:19.03.8~3-0~ubuntu-bionic
2020-04-18 18:41:00 status installed docker-ce:amd64 5:19.03.8~3-0~ubuntu-bionic
2020-04-18 18:41:00 trigproc systemd:amd64 237-3ubuntu10.39 <none>
2020-04-18 18:41:00 status half-configured systemd:amd64 237-3ubuntu10.39
2020-04-18 18:41:00 status installed systemd:amd64 237-3ubuntu10.39
2020-04-18 18:41:00 trigproc man-db:amd64 2.8.3-2ubuntu0.1 <none>
2020-04-18 18:41:00 status half-configured man-db:amd64 2.8.3-2ubuntu0.1
2020-04-18 18:41:03 status installed man-db:amd64 2.8.3-2ubuntu0.1
2020-04-18 18:41:03 trigproc ureadahead:amd64 0.100.0-21 <none>
2020-04-18 18:41:03 status half-configured ureadahead:amd64 0.100.0-21
2020-04-18 18:41:03 status installed ureadahead:amd64 0.100.0-21
2020-05-21 14:27:47 startup archives unpack
2020-05-21 14:27:48 upgrade apt-transport-https:all 1.6.12 1.6.12ubuntu0.1
2020-05-21 14:27:48 status half-configured apt-transport-https:all 1.6.12
2020-05-21 14:27:48 status unpacked apt-transport-https:all 1.6.12
2020-05-21 14:27:48 status half-installed apt-transport-https:all 1.6.12
2020-05-21 14:27:48 status half-installed apt-transport-https:all 1.6.12
2020-05-21 14:27:48 status unpacked apt-transport-https:all 1.6.12ubuntu0.1
2020-05-21 14:27:48 status unpacked apt-transport-https:all 1.6.12ubuntu0.1
2020-05-21 14:27:48 startup packages configure
2020-05-21 14:27:48 configure apt-transport-https:all 1.6.12ubuntu0.1 <none>
2020-05-21 14:27:48 status unpacked apt-transport-https:all 1.6.12ubuntu0.1
2020-05-21 14:27:48 status half-configured apt-transport-https:all 1.6.12ubuntu0.1
2020-05-21 14:27:48 status installed apt-transport-https:all 1.6.12ubuntu0.1
2020-05-21 14:27:50 startup archives unpack
2020-05-21 14:27:50 upgrade git:amd64 1:2.17.1-1ubuntu0.5 1:2.17.1-1ubuntu0.7
2020-05-21 14:27:50 status half-configured git:amd64 1:2.17.1-1ubuntu0.5
2020-05-21 14:27:50 status unpacked git:amd64 1:2.17.1-1ubuntu0.5
2020-05-21 14:27:50 status half-installed git:amd64 1:2.17.1-1ubuntu0.5
2020-05-21 14:27:50 status half-installed git:amd64 1:2.17.1-1ubuntu0.5
2020-05-21 14:27:50 status unpacked git:amd64 1:2.17.1-1ubuntu0.7
2020-05-21 14:27:50 status unpacked git:amd64 1:2.17.1-1ubuntu0.7
2020-05-21 14:27:50 startup packages configure
2020-05-21 14:27:50 configure git:amd64 1:2.17.1-1ubuntu0.7 <none>
2020-05-21 14:27:50 status unpacked git:amd64 1:2.17.1-1ubuntu0.7
2020-05-21 14:27:50 status unpacked git:amd64 1:2.17.1-1ubuntu0.7
2020-05-21 14:27:50 status half-configured git:amd64 1:2.17.1-1ubuntu0.7
2020-05-21 14:27:50 status installed git:amd64 1:2.17.1-1ubuntu0.7
2020-05-21 14:27:52 startup archives unpack
2020-05-21 14:27:52 upgrade git-man:all 1:2.17.1-1ubuntu0.5 1:2.17.1-1ubuntu0.7
2020-05-21 14:27:52 status half-configured git-man:all 1:2.17.1-1ubuntu0.5
2020-05-21 14:27:52 status unpacked git-man:all 1:2.17.1-1ubuntu0.5
2020-05-21 14:27:52 status half-installed git-man:all 1:2.17.1-1ubuntu0.5
2020-05-21 14:27:52 status triggers-pending man-db:amd64 2.8.3-2ubuntu0.1
2020-05-21 14:27:52 status half-installed git-man:all 1:2.17.1-1ubuntu0.5
2020-05-21 14:27:52 status unpacked git-man:all 1:2.17.1-1ubuntu0.7
2020-05-21 14:27:52 status unpacked git-man:all 1:2.17.1-1ubuntu0.7
2020-05-21 14:27:52 startup packages configure
2020-05-21 14:27:52 configure git-man:all 1:2.17.1-1ubuntu0.7 <none>
2020-05-21 14:27:52 status unpacked git-man:all 1:2.17.1-1ubuntu0.7
2020-05-21 14:27:52 status half-configured git-man:all 1:2.17.1-1ubuntu0.7
2020-05-21 14:27:52 status installed git-man:all 1:2.17.1-1ubuntu0.7
2020-05-21 14:27:52 trigproc man-db:amd64 2.8.3-2ubuntu0.1 <none>
2020-05-21 14:27:52 status half-configured man-db:amd64 2.8.3-2ubuntu0.1
2020-05-21 14:27:54 status installed man-db:amd64 2.8.3-2ubuntu0.1
2020-05-21 14:27:56 startup archives unpack
2020-05-21 14:27:56 upgrade iproute2:amd64 4.15.0-2ubuntu1 4.15.0-2ubuntu1.1
2020-05-21 14:27:56 status half-configured iproute2:amd64 4.15.0-2ubuntu1
2020-05-21 14:27:56 status unpacked iproute2:amd64 4.15.0-2ubuntu1
2020-05-21 14:27:56 status half-installed iproute2:amd64 4.15.0-2ubuntu1
2020-05-21 14:27:56 status triggers-pending man-db:amd64 2.8.3-2ubuntu0.1
2020-05-21 14:27:56 status half-installed iproute2:amd64 4.15.0-2ubuntu1
2020-05-21 14:27:56 status unpacked iproute2:amd64 4.15.0-2ubuntu1.1
2020-05-21 14:27:56 status unpacked iproute2:amd64 4.15.0-2ubuntu1.1
2020-05-21 14:27:56 startup packages configure
2020-05-21 14:27:56 configure iproute2:amd64 4.15.0-2ubuntu1.1 <none>
2020-05-21 14:27:56 status unpacked iproute2:amd64 4.15.0-2ubuntu1.1
2020-05-21 14:27:56 status unpacked iproute2:amd64 4.15.0-2ubuntu1.1
2020-05-21 14:27:56 status unpacked iproute2:amd64 4.15.0-2ubuntu1.1
2020-05-21 14:27:56 status unpacked iproute2:amd64 4.15.0-2ubuntu1.1
2020-05-21 14:27:56 status unpacked iproute2:amd64 4.15.0-2ubuntu1.1
2020-05-21 14:27:56 status unpacked iproute2:amd64 4.15.0-2ubuntu1.1
2020-05-21 14:27:56 status unpacked iproute2:amd64 4.15.0-2ubuntu1.1
2020-05-21 14:27:56 status unpacked iproute2:amd64 4.15.0-2ubuntu1.1
2020-05-21 14:27:56 status unpacked iproute2:amd64 4.15.0-2ubuntu1.1
2020-05-21 14:27:56 status unpacked iproute2:amd64 4.15.0-2ubuntu1.1
2020-05-21 14:27:56 status unpacked iproute2:amd64 4.15.0-2ubuntu1.1
2020-05-21 14:27:56 status unpacked iproute2:amd64 4.15.0-2ubuntu1.1
2020-05-21 14:27:56 status half-configured iproute2:amd64 4.15.0-2ubuntu1.1
2020-05-21 14:27:56 status installed iproute2:amd64 4.15.0-2ubuntu1.1
2020-05-21 14:27:56 trigproc man-db:amd64 2.8.3-2ubuntu0.1 <none>
2020-05-21 14:27:56 status half-configured man-db:amd64 2.8.3-2ubuntu0.1
2020-05-21 14:27:57 status installed man-db:amd64 2.8.3-2ubuntu0.1
2020-05-21 14:27:59 startup archives unpack
2020-05-21 14:27:59 upgrade libapt-inst2.0:amd64 1.6.12 1.6.12ubuntu0.1
2020-05-21 14:27:59 status triggers-pending libc-bin:amd64 2.27-3ubuntu1
2020-05-21 14:27:59 status half-configured libapt-inst2.0:amd64 1.6.12
2020-05-21 14:27:59 status unpacked libapt-inst2.0:amd64 1.6.12
2020-05-21 14:27:59 status half-installed libapt-inst2.0:amd64 1.6.12
2020-05-21 14:27:59 status half-installed libapt-inst2.0:amd64 1.6.12
2020-05-21 14:27:59 status unpacked libapt-inst2.0:amd64 1.6.12ubuntu0.1
2020-05-21 14:27:59 status unpacked libapt-inst2.0:amd64 1.6.12ubuntu0.1
2020-05-21 14:27:59 startup packages configure
2020-05-21 14:27:59 configure libapt-inst2.0:amd64 1.6.12ubuntu0.1 <none>
2020-05-21 14:27:59 status unpacked libapt-inst2.0:amd64 1.6.12ubuntu0.1
2020-05-21 14:27:59 status half-configured libapt-inst2.0:amd64 1.6.12ubuntu0.1
2020-05-21 14:27:59 status installed libapt-inst2.0:amd64 1.6.12ubuntu0.1
2020-05-21 14:27:59 trigproc libc-bin:amd64 2.27-3ubuntu1 <none>
2020-05-21 14:27:59 status half-configured libc-bin:amd64 2.27-3ubuntu1
2020-05-21 14:27:59 status installed libc-bin:amd64 2.27-3ubuntu1
2020-05-21 14:28:01 startup archives unpack
2020-05-21 14:28:01 upgrade libdns-export1100:amd64 1:9.11.3+dfsg-1ubuntu1.11 1:9.11.3+dfsg-1ubuntu1.12
2020-05-21 14:28:01 status triggers-pending libc-bin:amd64 2.27-3ubuntu1
2020-05-21 14:28:01 status half-configured libdns-export1100:amd64 1:9.11.3+dfsg-1ubuntu1.11
2020-05-21 14:28:01 status unpacked libdns-export1100:amd64 1:9.11.3+dfsg-1ubuntu1.11
2020-05-21 14:28:01 status half-installed libdns-export1100:amd64 1:9.11.3+dfsg-1ubuntu1.11
2020-05-21 14:28:01 status half-installed libdns-export1100:amd64 1:9.11.3+dfsg-1ubuntu1.11
2020-05-21 14:28:01 status unpacked libdns-export1100:amd64 1:9.11.3+dfsg-1ubuntu1.12
2020-05-21 14:28:01 status unpacked libdns-export1100:amd64 1:9.11.3+dfsg-1ubuntu1.12
2020-05-21 14:28:01 startup packages configure
2020-05-21 14:28:01 configure libdns-export1100:amd64 1:9.11.3+dfsg-1ubuntu1.12 <none>
2020-05-21 14:28:01 status unpacked libdns-export1100:amd64 1:9.11.3+dfsg-1ubuntu1.12
2020-05-21 14:28:01 status half-configured libdns-export1100:amd64 1:9.11.3+dfsg-1ubuntu1.12
2020-05-21 14:28:01 status installed libdns-export1100:amd64 1:9.11.3+dfsg-1ubuntu1.12
2020-05-21 14:28:01 trigproc libc-bin:amd64 2.27-3ubuntu1 <none>
2020-05-21 14:28:01 status half-configured libc-bin:amd64 2.27-3ubuntu1
2020-05-21 14:28:01 status installed libc-bin:amd64 2.27-3ubuntu1
2020-05-21 14:28:03 startup archives unpack
2020-05-21 14:28:03 upgrade libisc-export169:amd64 1:9.11.3+dfsg-1ubuntu1.11 1:9.11.3+dfsg-1ubuntu1.12
2020-05-21 14:28:03 status triggers-pending libc-bin:amd64 2.27-3ubuntu1
2020-05-21 14:28:03 status half-configured libisc-export169:amd64 1:9.11.3+dfsg-1ubuntu1.11
2020-05-21 14:28:03 status unpacked libisc-export169:amd64 1:9.11.3+dfsg-1ubuntu1.11
2020-05-21 14:28:03 status half-installed libisc-export169:amd64 1:9.11.3+dfsg-1ubuntu1.11
2020-05-21 14:28:03 status half-installed libisc-export169:amd64 1:9.11.3+dfsg-1ubuntu1.11
2020-05-21 14:28:03 status unpacked libisc-export169:amd64 1:9.11.3+dfsg-1ubuntu1.12
2020-05-21 14:28:03 status unpacked libisc-export169:amd64 1:9.11.3+dfsg-1ubuntu1.12
2020-05-21 14:28:03 startup packages configure
2020-05-21 14:28:03 configure libisc-export169:amd64 1:9.11.3+dfsg-1ubuntu1.12 <none>
2020-05-21 14:28:03 status unpacked libisc-export169:amd64 1:9.11.3+dfsg-1ubuntu1.12
2020-05-21 14:28:03 status half-configured libisc-export169:amd64 1:9.11.3+dfsg-1ubuntu1.12
2020-05-21 14:28:03 status installed libisc-export169:amd64 1:9.11.3+dfsg-1ubuntu1.12
2020-05-21 14:28:03 trigproc libc-bin:amd64 2.27-3ubuntu1 <none>
2020-05-21 14:28:03 status half-configured libc-bin:amd64 2.27-3ubuntu1
2020-05-21 14:28:03 status installed libc-bin:amd64 2.27-3ubuntu1
2020-05-21 14:28:05 startup archives unpack
2020-05-21 14:28:05 upgrade libjson-c3:amd64 0.12.1-1.3 0.12.1-1.3ubuntu0.2
2020-05-21 14:28:05 status triggers-pending libc-bin:amd64 2.27-3ubuntu1
2020-05-21 14:28:05 status half-configured libjson-c3:amd64 0.12.1-1.3
2020-05-21 14:28:05 status unpacked libjson-c3:amd64 0.12.1-1.3
2020-05-21 14:28:05 status half-installed libjson-c3:amd64 0.12.1-1.3
2020-05-21 14:28:05 status half-installed libjson-c3:amd64 0.12.1-1.3
2020-05-21 14:28:05 status unpacked libjson-c3:amd64 0.12.1-1.3ubuntu0.2
2020-05-21 14:28:05 status unpacked libjson-c3:amd64 0.12.1-1.3ubuntu0.2
2020-05-21 14:28:05 startup packages configure
2020-05-21 14:28:05 configure libjson-c3:amd64 0.12.1-1.3ubuntu0.2 <none>
2020-05-21 14:28:05 status unpacked libjson-c3:amd64 0.12.1-1.3ubuntu0.2
2020-05-21 14:28:05 status half-configured libjson-c3:amd64 0.12.1-1.3ubuntu0.2
2020-05-21 14:28:05 status installed libjson-c3:amd64 0.12.1-1.3ubuntu0.2
2020-05-21 14:28:05 trigproc libc-bin:amd64 2.27-3ubuntu1 <none>
2020-05-21 14:28:05 status half-configured libc-bin:amd64 2.27-3ubuntu1
2020-05-21 14:28:05 status installed libc-bin:amd64 2.27-3ubuntu1
2020-05-21 14:28:07 startup archives unpack
2020-05-21 14:28:07 upgrade libldap-common:all 2.4.45+dfsg-1ubuntu1.4 2.4.45+dfsg-1ubuntu1.5
2020-05-21 14:28:07 status half-configured libldap-common:all 2.4.45+dfsg-1ubuntu1.4
2020-05-21 14:28:07 status unpacked libldap-common:all 2.4.45+dfsg-1ubuntu1.4
2020-05-21 14:28:07 status half-installed libldap-common:all 2.4.45+dfsg-1ubuntu1.4
2020-05-21 14:28:07 status triggers-pending man-db:amd64 2.8.3-2ubuntu0.1
2020-05-21 14:28:07 status half-installed libldap-common:all 2.4.45+dfsg-1ubuntu1.4
2020-05-21 14:28:07 status unpacked libldap-common:all 2.4.45+dfsg-1ubuntu1.5
2020-05-21 14:28:07 status unpacked libldap-common:all 2.4.45+dfsg-1ubuntu1.5
2020-05-21 14:28:07 startup packages configure
2020-05-21 14:28:07 configure libldap-common:all 2.4.45+dfsg-1ubuntu1.5 <none>
2020-05-21 14:28:07 status unpacked libldap-common:all 2.4.45+dfsg-1ubuntu1.5
2020-05-21 14:28:07 status unpacked libldap-common:all 2.4.45+dfsg-1ubuntu1.5
2020-05-21 14:28:07 status half-configured libldap-common:all 2.4.45+dfsg-1ubuntu1.5
2020-05-21 14:28:07 status installed libldap-common:all 2.4.45+dfsg-1ubuntu1.5
2020-05-21 14:28:07 trigproc man-db:amd64 2.8.3-2ubuntu0.1 <none>
2020-05-21 14:28:07 status half-configured man-db:amd64 2.8.3-2ubuntu0.1
2020-05-21 14:28:07 status installed man-db:amd64 2.8.3-2ubuntu0.1
2020-05-21 14:28:09 startup archives unpack
2020-05-21 14:28:09 upgrade tzdata:all 2019c-0ubuntu0.18.04 2020a-0ubuntu0.18.04
2020-05-21 14:28:09 status half-configured tzdata:all 2019c-0ubuntu0.18.04
2020-05-21 14:28:09 status unpacked tzdata:all 2019c-0ubuntu0.18.04
2020-05-21 14:28:09 status half-installed tzdata:all 2019c-0ubuntu0.18.04
2020-05-21 14:28:09 status half-installed tzdata:all 2019c-0ubuntu0.18.04
2020-05-21 14:28:09 status unpacked tzdata:all 2020a-0ubuntu0.18.04
2020-05-21 14:28:09 status unpacked tzdata:all 2020a-0ubuntu0.18.04
2020-05-21 14:28:09 startup packages configure
2020-05-21 14:28:09 configure tzdata:all 2020a-0ubuntu0.18.04 <none>
2020-05-21 14:28:09 status unpacked tzdata:all 2020a-0ubuntu0.18.04
2020-05-21 14:28:09 status half-configured tzdata:all 2020a-0ubuntu0.18.04
2020-05-21 14:28:09 status installed tzdata:all 2020a-0ubuntu0.18.04
2020-05-21 14:28:11 startup archives unpack
2020-05-21 14:28:11 upgrade libldap-2.4-2:amd64 2.4.45+dfsg-1ubuntu1.4 2.4.45+dfsg-1ubuntu1.5
2020-05-21 14:28:11 status triggers-pending libc-bin:amd64 2.27-3ubuntu1
2020-05-21 14:28:11 status half-configured libldap-2.4-2:amd64 2.4.45+dfsg-1ubuntu1.4
2020-05-21 14:28:11 status unpacked libldap-2.4-2:amd64 2.4.45+dfsg-1ubuntu1.4
2020-05-21 14:28:11 status half-installed libldap-2.4-2:amd64 2.4.45+dfsg-1ubuntu1.4
2020-05-21 14:28:11 status half-installed libldap-2.4-2:amd64 2.4.45+dfsg-1ubuntu1.4
2020-05-21 14:28:11 status unpacked libldap-2.4-2:amd64 2.4.45+dfsg-1ubuntu1.5
2020-05-21 14:28:11 status unpacked libldap-2.4-2:amd64 2.4.45+dfsg-1ubuntu1.5
2020-05-21 14:28:11 startup packages configure
2020-05-21 14:28:11 configure libldap-2.4-2:amd64 2.4.45+dfsg-1ubuntu1.5 <none>
2020-05-21 14:28:11 status unpacked libldap-2.4-2:amd64 2.4.45+dfsg-1ubuntu1.5
2020-05-21 14:28:11 status half-configured libldap-2.4-2:amd64 2.4.45+dfsg-1ubuntu1.5
2020-05-21 14:28:11 status installed libldap-2.4-2:amd64 2.4.45+dfsg-1ubuntu1.5
2020-05-21 14:28:11 trigproc libc-bin:amd64 2.27-3ubuntu1 <none>
2020-05-21 14:28:11 status half-configured libc-bin:amd64 2.27-3ubuntu1
2020-05-21 14:28:11 status installed libc-bin:amd64 2.27-3ubuntu1
2020-05-21 14:28:13 startup archives unpack
2020-05-21 14:28:13 upgrade libapt-pkg5.0:amd64 1.6.12 1.6.12ubuntu0.1
2020-05-21 14:28:13 status triggers-pending libc-bin:amd64 2.27-3ubuntu1
2020-05-21 14:28:13 status half-configured libapt-pkg5.0:amd64 1.6.12
2020-05-21 14:28:13 status unpacked libapt-pkg5.0:amd64 1.6.12
2020-05-21 14:28:13 status half-installed libapt-pkg5.0:amd64 1.6.12
2020-05-21 14:28:13 status half-installed libapt-pkg5.0:amd64 1.6.12
2020-05-21 14:28:13 status unpacked libapt-pkg5.0:amd64 1.6.12ubuntu0.1
2020-05-21 14:28:13 status unpacked libapt-pkg5.0:amd64 1.6.12ubuntu0.1
2020-05-21 14:28:13 startup packages configure
2020-05-21 14:28:13 configure libapt-pkg5.0:amd64 1.6.12ubuntu0.1 <none>
2020-05-21 14:28:13 status unpacked libapt-pkg5.0:amd64 1.6.12ubuntu0.1
2020-05-21 14:28:13 status half-configured libapt-pkg5.0:amd64 1.6.12ubuntu0.1
2020-05-21 14:28:13 status installed libapt-pkg5.0:amd64 1.6.12ubuntu0.1
2020-05-21 14:28:13 startup archives unpack
2020-05-21 14:28:13 upgrade apt:amd64 1.6.12 1.6.12ubuntu0.1
2020-05-21 14:28:13 status half-configured apt:amd64 1.6.12
2020-05-21 14:28:13 status unpacked apt:amd64 1.6.12
2020-05-21 14:28:13 status half-installed apt:amd64 1.6.12
2020-05-21 14:28:13 status triggers-pending man-db:amd64 2.8.3-2ubuntu0.1
2020-05-21 14:28:14 status half-installed apt:amd64 1.6.12
2020-05-21 14:28:14 status unpacked apt:amd64 1.6.12ubuntu0.1
2020-05-21 14:28:14 status unpacked apt:amd64 1.6.12ubuntu0.1
2020-05-21 14:28:14 startup packages configure
2020-05-21 14:28:14 configure apt:amd64 1.6.12ubuntu0.1 <none>
2020-05-21 14:28:14 status unpacked apt:amd64 1.6.12ubuntu0.1
2020-05-21 14:28:14 status unpacked apt:amd64 1.6.12ubuntu0.1
2020-05-21 14:28:14 status unpacked apt:amd64 1.6.12ubuntu0.1
2020-05-21 14:28:14 status unpacked apt:amd64 1.6.12ubuntu0.1
2020-05-21 14:28:14 status unpacked apt:amd64 1.6.12ubuntu0.1
2020-05-21 14:28:14 status unpacked apt:amd64 1.6.12ubuntu0.1
2020-05-21 14:28:14 status half-configured apt:amd64 1.6.12ubuntu0.1
2020-05-21 14:28:14 status installed apt:amd64 1.6.12ubuntu0.1
2020-05-21 14:28:14 startup archives unpack
2020-05-21 14:28:14 upgrade apt-utils:amd64 1.6.12 1.6.12ubuntu0.1
2020-05-21 14:28:14 status half-configured apt-utils:amd64 1.6.12
2020-05-21 14:28:14 status unpacked apt-utils:amd64 1.6.12
2020-05-21 14:28:14 status half-installed apt-utils:amd64 1.6.12
2020-05-21 14:28:14 status half-installed apt-utils:amd64 1.6.12
2020-05-21 14:28:14 status unpacked apt-utils:amd64 1.6.12ubuntu0.1
2020-05-21 14:28:14 status unpacked apt-utils:amd64 1.6.12ubuntu0.1
2020-05-21 14:28:14 startup packages configure
2020-05-21 14:28:14 configure apt-utils:amd64 1.6.12ubuntu0.1 <none>
2020-05-21 14:28:14 status unpacked apt-utils:amd64 1.6.12ubuntu0.1
2020-05-21 14:28:14 status half-configured apt-utils:amd64 1.6.12ubuntu0.1
2020-05-21 14:28:14 status installed apt-utils:amd64 1.6.12ubuntu0.1
2020-05-21 14:28:14 trigproc man-db:amd64 2.8.3-2ubuntu0.1 <none>
2020-05-21 14:28:14 status half-configured man-db:amd64 2.8.3-2ubuntu0.1
2020-05-21 14:28:16 status installed man-db:amd64 2.8.3-2ubuntu0.1
2020-05-21 14:28:16 trigproc libc-bin:amd64 2.27-3ubuntu1 <none>
2020-05-21 14:28:16 status half-configured libc-bin:amd64 2.27-3ubuntu1
2020-05-21 14:28:16 status installed libc-bin:amd64 2.27-3ubuntu1
2020-05-21 14:28:18 startup archives unpack
2020-05-21 14:28:18 upgrade file:amd64 1:5.32-2ubuntu0.3 1:5.32-2ubuntu0.4
2020-05-21 14:28:18 status half-configured file:amd64 1:5.32-2ubuntu0.3
2020-05-21 14:28:18 status unpacked file:amd64 1:5.32-2ubuntu0.3
2020-05-21 14:28:18 status half-installed file:amd64 1:5.32-2ubuntu0.3
2020-05-21 14:28:18 status triggers-pending man-db:amd64 2.8.3-2ubuntu0.1
2020-05-21 14:28:18 status half-installed file:amd64 1:5.32-2ubuntu0.3
2020-05-21 14:28:18 status unpacked file:amd64 1:5.32-2ubuntu0.4
2020-05-21 14:28:18 status unpacked file:amd64 1:5.32-2ubuntu0.4
2020-05-21 14:28:18 upgrade libmagic1:amd64 1:5.32-2ubuntu0.3 1:5.32-2ubuntu0.4
2020-05-21 14:28:18 status triggers-pending libc-bin:amd64 2.27-3ubuntu1
2020-05-21 14:28:18 status half-configured libmagic1:amd64 1:5.32-2ubuntu0.3
2020-05-21 14:28:18 status unpacked libmagic1:amd64 1:5.32-2ubuntu0.3
2020-05-21 14:28:18 status half-installed libmagic1:amd64 1:5.32-2ubuntu0.3
2020-05-21 14:28:18 status half-installed libmagic1:amd64 1:5.32-2ubuntu0.3
2020-05-21 14:28:18 status unpacked libmagic1:amd64 1:5.32-2ubuntu0.4
2020-05-21 14:28:18 status unpacked libmagic1:amd64 1:5.32-2ubuntu0.4
2020-05-21 14:28:18 upgrade libmagic-mgc:amd64 1:5.32-2ubuntu0.3 1:5.32-2ubuntu0.4
2020-05-21 14:28:18 status half-configured libmagic-mgc:amd64 1:5.32-2ubuntu0.3
2020-05-21 14:28:18 status unpacked libmagic-mgc:amd64 1:5.32-2ubuntu0.3
2020-05-21 14:28:18 status half-installed libmagic-mgc:amd64 1:5.32-2ubuntu0.3
2020-05-21 14:28:18 status half-installed libmagic-mgc:amd64 1:5.32-2ubuntu0.3
2020-05-21 14:28:18 status unpacked libmagic-mgc:amd64 1:5.32-2ubuntu0.4
2020-05-21 14:28:18 status unpacked libmagic-mgc:amd64 1:5.32-2ubuntu0.4
2020-05-21 14:28:18 startup packages configure
2020-05-21 14:28:18 configure libmagic-mgc:amd64 1:5.32-2ubuntu0.4 <none>
2020-05-21 14:28:18 status unpacked libmagic-mgc:amd64 1:5.32-2ubuntu0.4
2020-05-21 14:28:18 status half-configured libmagic-mgc:amd64 1:5.32-2ubuntu0.4
2020-05-21 14:28:18 status installed libmagic-mgc:amd64 1:5.32-2ubuntu0.4
2020-05-21 14:28:18 configure libmagic1:amd64 1:5.32-2ubuntu0.4 <none>
2020-05-21 14:28:18 status unpacked libmagic1:amd64 1:5.32-2ubuntu0.4
2020-05-21 14:28:18 status unpacked libmagic1:amd64 1:5.32-2ubuntu0.4
2020-05-21 14:28:18 status unpacked libmagic1:amd64 1:5.32-2ubuntu0.4
2020-05-21 14:28:18 status half-configured libmagic1:amd64 1:5.32-2ubuntu0.4
2020-05-21 14:28:18 status installed libmagic1:amd64 1:5.32-2ubuntu0.4
2020-05-21 14:28:18 configure file:amd64 1:5.32-2ubuntu0.4 <none>
2020-05-21 14:28:18 status unpacked file:amd64 1:5.32-2ubuntu0.4
2020-05-21 14:28:18 status half-configured file:amd64 1:5.32-2ubuntu0.4
2020-05-21 14:28:18 status installed file:amd64 1:5.32-2ubuntu0.4
2020-05-21 14:28:18 trigproc man-db:amd64 2.8.3-2ubuntu0.1 <none>
2020-05-21 14:28:18 status half-configured man-db:amd64 2.8.3-2ubuntu0.1
2020-05-21 14:28:19 status installed man-db:amd64 2.8.3-2ubuntu0.1
2020-05-21 14:28:19 trigproc libc-bin:amd64 2.27-3ubuntu1 <none>
2020-05-21 14:28:19 status half-configured libc-bin:amd64 2.27-3ubuntu1
2020-05-21 14:28:19 status installed libc-bin:amd64 2.27-3ubuntu1
2020-05-21 14:28:20 startup archives unpack
2020-05-21 14:28:20 upgrade libpython3.6:amd64 3.6.9-1~18.04 3.6.9-1~18.04ubuntu1
2020-05-21 14:28:20 status triggers-pending libc-bin:amd64 2.27-3ubuntu1
2020-05-21 14:28:20 status half-configured libpython3.6:amd64 3.6.9-1~18.04
2020-05-21 14:28:20 status unpacked libpython3.6:amd64 3.6.9-1~18.04
2020-05-21 14:28:20 status half-installed libpython3.6:amd64 3.6.9-1~18.04
2020-05-21 14:28:21 status half-installed libpython3.6:amd64 3.6.9-1~18.04
2020-05-21 14:28:21 status unpacked libpython3.6:amd64 3.6.9-1~18.04ubuntu1
2020-05-21 14:28:21 status unpacked libpython3.6:amd64 3.6.9-1~18.04ubuntu1
2020-05-21 14:28:21 upgrade python3.6:amd64 3.6.9-1~18.04 3.6.9-1~18.04ubuntu1
2020-05-21 14:28:21 status half-configured python3.6:amd64 3.6.9-1~18.04
2020-05-21 14:28:21 status unpacked python3.6:amd64 3.6.9-1~18.04
2020-05-21 14:28:21 status half-installed python3.6:amd64 3.6.9-1~18.04
2020-05-21 14:28:21 status triggers-pending mime-support:all 3.60ubuntu1
2020-05-21 14:28:21 status triggers-pending man-db:amd64 2.8.3-2ubuntu0.1
2020-05-21 14:28:21 status half-installed python3.6:amd64 3.6.9-1~18.04
2020-05-21 14:28:21 status unpacked python3.6:amd64 3.6.9-1~18.04ubuntu1
2020-05-21 14:28:21 status unpacked python3.6:amd64 3.6.9-1~18.04ubuntu1
2020-05-21 14:28:21 upgrade libpython3.6-stdlib:amd64 3.6.9-1~18.04 3.6.9-1~18.04ubuntu1
2020-05-21 14:28:21 status half-configured libpython3.6-stdlib:amd64 3.6.9-1~18.04
2020-05-21 14:28:21 status unpacked libpython3.6-stdlib:amd64 3.6.9-1~18.04
2020-05-21 14:28:21 status half-installed libpython3.6-stdlib:amd64 3.6.9-1~18.04
2020-05-21 14:28:21 status half-installed libpython3.6-stdlib:amd64 3.6.9-1~18.04
2020-05-21 14:28:21 status unpacked libpython3.6-stdlib:amd64 3.6.9-1~18.04ubuntu1
2020-05-21 14:28:21 status unpacked libpython3.6-stdlib:amd64 3.6.9-1~18.04ubuntu1
2020-05-21 14:28:21 upgrade python3.6-minimal:amd64 3.6.9-1~18.04 3.6.9-1~18.04ubuntu1
2020-05-21 14:28:21 status half-configured python3.6-minimal:amd64 3.6.9-1~18.04
2020-05-21 14:28:21 status unpacked python3.6-minimal:amd64 3.6.9-1~18.04
2020-05-21 14:28:21 status half-installed python3.6-minimal:amd64 3.6.9-1~18.04
2020-05-21 14:28:21 status half-installed python3.6-minimal:amd64 3.6.9-1~18.04
2020-05-21 14:28:22 status unpacked python3.6-minimal:amd64 3.6.9-1~18.04ubuntu1
2020-05-21 14:28:22 status unpacked python3.6-minimal:amd64 3.6.9-1~18.04ubuntu1
2020-05-21 14:28:22 upgrade libpython3.6-minimal:amd64 3.6.9-1~18.04 3.6.9-1~18.04ubuntu1
2020-05-21 14:28:22 status half-configured libpython3.6-minimal:amd64 3.6.9-1~18.04
2020-05-21 14:28:22 status unpacked libpython3.6-minimal:amd64 3.6.9-1~18.04
2020-05-21 14:28:22 status half-installed libpython3.6-minimal:amd64 3.6.9-1~18.04
2020-05-21 14:28:22 status half-installed libpython3.6-minimal:amd64 3.6.9-1~18.04
2020-05-21 14:28:22 status unpacked libpython3.6-minimal:amd64 3.6.9-1~18.04ubuntu1
2020-05-21 14:28:22 status unpacked libpython3.6-minimal:amd64 3.6.9-1~18.04ubuntu1
2020-05-21 14:28:22 startup packages configure
2020-05-21 14:28:22 configure libpython3.6-minimal:amd64 3.6.9-1~18.04ubuntu1 <none>
2020-05-21 14:28:22 status unpacked libpython3.6-minimal:amd64 3.6.9-1~18.04ubuntu1
2020-05-21 14:28:22 status unpacked libpython3.6-minimal:amd64 3.6.9-1~18.04ubuntu1
2020-05-21 14:28:22 status half-configured libpython3.6-minimal:amd64 3.6.9-1~18.04ubuntu1
2020-05-21 14:28:22 status installed libpython3.6-minimal:amd64 3.6.9-1~18.04ubuntu1
2020-05-21 14:28:22 configure libpython3.6-stdlib:amd64 3.6.9-1~18.04ubuntu1 <none>
2020-05-21 14:28:22 status unpacked libpython3.6-stdlib:amd64 3.6.9-1~18.04ubuntu1
2020-05-21 14:28:22 status half-configured libpython3.6-stdlib:amd64 3.6.9-1~18.04ubuntu1
2020-05-21 14:28:22 status installed libpython3.6-stdlib:amd64 3.6.9-1~18.04ubuntu1
2020-05-21 14:28:22 configure python3.6-minimal:amd64 3.6.9-1~18.04ubuntu1 <none>
2020-05-21 14:28:22 status unpacked python3.6-minimal:amd64 3.6.9-1~18.04ubuntu1
2020-05-21 14:28:22 status half-configured python3.6-minimal:amd64 3.6.9-1~18.04ubuntu1
2020-05-21 14:28:22 status installed python3.6-minimal:amd64 3.6.9-1~18.04ubuntu1
2020-05-21 14:28:22 configure libpython3.6:amd64 3.6.9-1~18.04ubuntu1 <none>
2020-05-21 14:28:22 status unpacked libpython3.6:amd64 3.6.9-1~18.04ubuntu1
2020-05-21 14:28:22 status half-configured libpython3.6:amd64 3.6.9-1~18.04ubuntu1
2020-05-21 14:28:22 status installed libpython3.6:amd64 3.6.9-1~18.04ubuntu1
2020-05-21 14:28:22 configure python3.6:amd64 3.6.9-1~18.04ubuntu1 <none>
2020-05-21 14:28:22 status unpacked python3.6:amd64 3.6.9-1~18.04ubuntu1
2020-05-21 14:28:22 status half-configured python3.6:amd64 3.6.9-1~18.04ubuntu1
2020-05-21 14:28:23 status installed python3.6:amd64 3.6.9-1~18.04ubuntu1
2020-05-21 14:28:23 trigproc libc-bin:amd64 2.27-3ubuntu1 <none>
2020-05-21 14:28:23 status half-configured libc-bin:amd64 2.27-3ubuntu1
2020-05-21 14:28:23 status installed libc-bin:amd64 2.27-3ubuntu1
2020-05-21 14:28:23 trigproc man-db:amd64 2.8.3-2ubuntu0.1 <none>
2020-05-21 14:28:23 status half-configured man-db:amd64 2.8.3-2ubuntu0.1
2020-05-21 14:28:23 status installed man-db:amd64 2.8.3-2ubuntu0.1
2020-05-21 14:28:23 trigproc mime-support:all 3.60ubuntu1 <none>
2020-05-21 14:28:23 status half-configured mime-support:all 3.60ubuntu1
2020-05-21 14:28:23 status installed mime-support:all 3.60ubuntu1
2020-05-21 14:28:25 startup archives unpack
2020-05-21 14:28:25 install linux-headers-4.15.0-101:all <none> 4.15.0-101.102
2020-05-21 14:28:25 status half-installed linux-headers-4.15.0-101:all 4.15.0-101.102
2020-05-21 14:28:28 status unpacked linux-headers-4.15.0-101:all 4.15.0-101.102
2020-05-21 14:28:28 status unpacked linux-headers-4.15.0-101:all 4.15.0-101.102
2020-05-21 14:28:28 install linux-headers-4.15.0-101-generic:amd64 <none> 4.15.0-101.102
2020-05-21 14:28:28 status half-installed linux-headers-4.15.0-101-generic:amd64 4.15.0-101.102
2020-05-21 14:28:29 status unpacked linux-headers-4.15.0-101-generic:amd64 4.15.0-101.102
2020-05-21 14:28:29 status unpacked linux-headers-4.15.0-101-generic:amd64 4.15.0-101.102
2020-05-21 14:28:29 install linux-modules-4.15.0-101-generic:amd64 <none> 4.15.0-101.102
2020-05-21 14:28:29 status half-installed linux-modules-4.15.0-101-generic:amd64 4.15.0-101.102
2020-05-21 14:28:30 status unpacked linux-modules-4.15.0-101-generic:amd64 4.15.0-101.102
2020-05-21 14:28:30 status unpacked linux-modules-4.15.0-101-generic:amd64 4.15.0-101.102
2020-05-21 14:28:30 install linux-image-4.15.0-101-generic:amd64 <none> 4.15.0-101.102
2020-05-21 14:28:30 status half-installed linux-image-4.15.0-101-generic:amd64 4.15.0-101.102
2020-05-21 14:28:30 status unpacked linux-image-4.15.0-101-generic:amd64 4.15.0-101.102
2020-05-21 14:28:30 status unpacked linux-image-4.15.0-101-generic:amd64 4.15.0-101.102
2020-05-21 14:28:30 upgrade linux-virtual:amd64 4.15.0.96.87 4.15.0.101.91
2020-05-21 14:28:30 status half-configured linux-virtual:amd64 4.15.0.96.87
2020-05-21 14:28:30 status unpacked linux-virtual:amd64 4.15.0.96.87
2020-05-21 14:28:30 status half-installed linux-virtual:amd64 4.15.0.96.87
2020-05-21 14:28:30 status half-installed linux-virtual:amd64 4.15.0.96.87
2020-05-21 14:28:30 status unpacked linux-virtual:amd64 4.15.0.101.91
2020-05-21 14:28:30 status unpacked linux-virtual:amd64 4.15.0.101.91
2020-05-21 14:28:31 upgrade linux-image-virtual:amd64 4.15.0.96.87 4.15.0.101.91
2020-05-21 14:28:31 status half-configured linux-image-virtual:amd64 4.15.0.96.87
2020-05-21 14:28:31 status unpacked linux-image-virtual:amd64 4.15.0.96.87
2020-05-21 14:28:31 status half-installed linux-image-virtual:amd64 4.15.0.96.87
2020-05-21 14:28:31 status half-installed linux-image-virtual:amd64 4.15.0.96.87
2020-05-21 14:28:31 status unpacked linux-image-virtual:amd64 4.15.0.101.91
2020-05-21 14:28:31 status unpacked linux-image-virtual:amd64 4.15.0.101.91
2020-05-21 14:28:31 upgrade linux-headers-virtual:amd64 4.15.0.96.87 4.15.0.101.91
2020-05-21 14:28:31 status half-configured linux-headers-virtual:amd64 4.15.0.96.87
2020-05-21 14:28:31 status unpacked linux-headers-virtual:amd64 4.15.0.96.87
2020-05-21 14:28:31 status half-installed linux-headers-virtual:amd64 4.15.0.96.87
2020-05-21 14:28:31 status half-installed linux-headers-virtual:amd64 4.15.0.96.87
2020-05-21 14:28:31 status unpacked linux-headers-virtual:amd64 4.15.0.101.91
2020-05-21 14:28:31 status unpacked linux-headers-virtual:amd64 4.15.0.101.91
2020-05-21 14:28:31 upgrade linux-headers-generic:amd64 4.15.0.96.87 4.15.0.101.91
2020-05-21 14:28:31 status half-configured linux-headers-generic:amd64 4.15.0.96.87
2020-05-21 14:28:31 status unpacked linux-headers-generic:amd64 4.15.0.96.87
2020-05-21 14:28:31 status half-installed linux-headers-generic:amd64 4.15.0.96.87
2020-05-21 14:28:31 status half-installed linux-headers-generic:amd64 4.15.0.96.87
2020-05-21 14:28:31 status unpacked linux-headers-generic:amd64 4.15.0.101.91
2020-05-21 14:28:31 status unpacked linux-headers-generic:amd64 4.15.0.101.91
2020-05-21 14:28:31 startup packages configure
2020-05-21 14:28:31 configure linux-headers-4.15.0-101:all 4.15.0-101.102 <none>
2020-05-21 14:28:31 status unpacked linux-headers-4.15.0-101:all 4.15.0-101.102
2020-05-21 14:28:31 status half-configured linux-headers-4.15.0-101:all 4.15.0-101.102
2020-05-21 14:28:31 status installed linux-headers-4.15.0-101:all 4.15.0-101.102
2020-05-21 14:28:31 configure linux-headers-4.15.0-101-generic:amd64 4.15.0-101.102 <none>
2020-05-21 14:28:31 status unpacked linux-headers-4.15.0-101-generic:amd64 4.15.0-101.102
2020-05-21 14:28:31 status half-configured linux-headers-4.15.0-101-generic:amd64 4.15.0-101.102
2020-05-21 14:28:31 status installed linux-headers-4.15.0-101-generic:amd64 4.15.0-101.102
2020-05-21 14:28:31 configure linux-modules-4.15.0-101-generic:amd64 4.15.0-101.102 <none>
2020-05-21 14:28:31 status unpacked linux-modules-4.15.0-101-generic:amd64 4.15.0-101.102
2020-05-21 14:28:31 status half-configured linux-modules-4.15.0-101-generic:amd64 4.15.0-101.102
2020-05-21 14:28:31 status installed linux-modules-4.15.0-101-generic:amd64 4.15.0-101.102
2020-05-21 14:28:31 configure linux-headers-generic:amd64 4.15.0.101.91 <none>
2020-05-21 14:28:31 status unpacked linux-headers-generic:amd64 4.15.0.101.91
2020-05-21 14:28:31 status half-configured linux-headers-generic:amd64 4.15.0.101.91
2020-05-21 14:28:31 status installed linux-headers-generic:amd64 4.15.0.101.91
2020-05-21 14:28:31 configure linux-image-4.15.0-101-generic:amd64 4.15.0-101.102 <none>
2020-05-21 14:28:31 status unpacked linux-image-4.15.0-101-generic:amd64 4.15.0-101.102
2020-05-21 14:28:31 status half-configured linux-image-4.15.0-101-generic:amd64 4.15.0-101.102
2020-05-21 14:28:31 status installed linux-image-4.15.0-101-generic:amd64 4.15.0-101.102
2020-05-21 14:28:31 status triggers-pending linux-image-4.15.0-101-generic:amd64 4.15.0-101.102
2020-05-21 14:28:31 configure linux-image-virtual:amd64 4.15.0.101.91 <none>
2020-05-21 14:28:31 status unpacked linux-image-virtual:amd64 4.15.0.101.91
2020-05-21 14:28:31 status half-configured linux-image-virtual:amd64 4.15.0.101.91
2020-05-21 14:28:31 status installed linux-image-virtual:amd64 4.15.0.101.91
2020-05-21 14:28:31 configure linux-headers-virtual:amd64 4.15.0.101.91 <none>
2020-05-21 14:28:31 status unpacked linux-headers-virtual:amd64 4.15.0.101.91
2020-05-21 14:28:31 status half-configured linux-headers-virtual:amd64 4.15.0.101.91
2020-05-21 14:28:31 status installed linux-headers-virtual:amd64 4.15.0.101.91
2020-05-21 14:28:31 configure linux-virtual:amd64 4.15.0.101.91 <none>
2020-05-21 14:28:31 status unpacked linux-virtual:amd64 4.15.0.101.91
2020-05-21 14:28:31 status half-configured linux-virtual:amd64 4.15.0.101.91
2020-05-21 14:28:31 status installed linux-virtual:amd64 4.15.0.101.91
2020-05-21 14:28:31 trigproc linux-image-4.15.0-101-generic:amd64 4.15.0-101.102 <none>
2020-05-21 14:28:31 status half-configured linux-image-4.15.0-101-generic:amd64 4.15.0-101.102
2020-05-21 14:28:38 status installed linux-image-4.15.0-101-generic:amd64 4.15.0-101.102
2020-05-21 14:28:40 startup archives unpack
2020-05-21 14:28:40 upgrade libirs160:amd64 1:9.11.3+dfsg-1ubuntu1.11 1:9.11.3+dfsg-1ubuntu1.12
2020-05-21 14:28:40 status triggers-pending libc-bin:amd64 2.27-3ubuntu1
2020-05-21 14:28:40 status half-configured libirs160:amd64 1:9.11.3+dfsg-1ubuntu1.11
2020-05-21 14:28:40 status unpacked libirs160:amd64 1:9.11.3+dfsg-1ubuntu1.11
2020-05-21 14:28:40 status half-installed libirs160:amd64 1:9.11.3+dfsg-1ubuntu1.11
2020-05-21 14:28:40 status half-installed libirs160:amd64 1:9.11.3+dfsg-1ubuntu1.11
2020-05-21 14:28:40 status unpacked libirs160:amd64 1:9.11.3+dfsg-1ubuntu1.12
2020-05-21 14:28:40 status unpacked libirs160:amd64 1:9.11.3+dfsg-1ubuntu1.12
2020-05-21 14:28:40 upgrade dnsutils:amd64 1:9.11.3+dfsg-1ubuntu1.11 1:9.11.3+dfsg-1ubuntu1.12
2020-05-21 14:28:40 status half-configured dnsutils:amd64 1:9.11.3+dfsg-1ubuntu1.11
2020-05-21 14:28:40 status unpacked dnsutils:amd64 1:9.11.3+dfsg-1ubuntu1.11
2020-05-21 14:28:40 status half-installed dnsutils:amd64 1:9.11.3+dfsg-1ubuntu1.11
2020-05-21 14:28:40 status triggers-pending man-db:amd64 2.8.3-2ubuntu0.1
2020-05-21 14:28:40 status half-installed dnsutils:amd64 1:9.11.3+dfsg-1ubuntu1.11
2020-05-21 14:28:40 status unpacked dnsutils:amd64 1:9.11.3+dfsg-1ubuntu1.12
2020-05-21 14:28:40 status unpacked dnsutils:amd64 1:9.11.3+dfsg-1ubuntu1.12
2020-05-21 14:28:40 upgrade bind9-host:amd64 1:9.11.3+dfsg-1ubuntu1.11 1:9.11.3+dfsg-1ubuntu1.12
2020-05-21 14:28:40 status half-configured bind9-host:amd64 1:9.11.3+dfsg-1ubuntu1.11
2020-05-21 14:28:40 status unpacked bind9-host:amd64 1:9.11.3+dfsg-1ubuntu1.11
2020-05-21 14:28:40 status half-installed bind9-host:amd64 1:9.11.3+dfsg-1ubuntu1.11
2020-05-21 14:28:40 status half-installed bind9-host:amd64 1:9.11.3+dfsg-1ubuntu1.11
2020-05-21 14:28:40 status unpacked bind9-host:amd64 1:9.11.3+dfsg-1ubuntu1.12
2020-05-21 14:28:40 status unpacked bind9-host:amd64 1:9.11.3+dfsg-1ubuntu1.12
2020-05-21 14:28:40 upgrade libbind9-160:amd64 1:9.11.3+dfsg-1ubuntu1.11 1:9.11.3+dfsg-1ubuntu1.12
2020-05-21 14:28:40 status half-configured libbind9-160:amd64 1:9.11.3+dfsg-1ubuntu1.11
2020-05-21 14:28:40 status unpacked libbind9-160:amd64 1:9.11.3+dfsg-1ubuntu1.11
2020-05-21 14:28:40 status half-installed libbind9-160:amd64 1:9.11.3+dfsg-1ubuntu1.11
2020-05-21 14:28:40 status half-installed libbind9-160:amd64 1:9.11.3+dfsg-1ubuntu1.11
2020-05-21 14:28:40 status unpacked libbind9-160:amd64 1:9.11.3+dfsg-1ubuntu1.12
2020-05-21 14:28:40 status unpacked libbind9-160:amd64 1:9.11.3+dfsg-1ubuntu1.12
2020-05-21 14:28:41 upgrade libisccfg160:amd64 1:9.11.3+dfsg-1ubuntu1.11 1:9.11.3+dfsg-1ubuntu1.12
2020-05-21 14:28:41 status half-configured libisccfg160:amd64 1:9.11.3+dfsg-1ubuntu1.11
2020-05-21 14:28:41 status unpacked libisccfg160:amd64 1:9.11.3+dfsg-1ubuntu1.11
2020-05-21 14:28:41 status half-installed libisccfg160:amd64 1:9.11.3+dfsg-1ubuntu1.11
2020-05-21 14:28:41 status half-installed libisccfg160:amd64 1:9.11.3+dfsg-1ubuntu1.11
2020-05-21 14:28:41 status unpacked libisccfg160:amd64 1:9.11.3+dfsg-1ubuntu1.12
2020-05-21 14:28:41 status unpacked libisccfg160:amd64 1:9.11.3+dfsg-1ubuntu1.12
2020-05-21 14:28:41 upgrade libisccc160:amd64 1:9.11.3+dfsg-1ubuntu1.11 1:9.11.3+dfsg-1ubuntu1.12
2020-05-21 14:28:41 status half-configured libisccc160:amd64 1:9.11.3+dfsg-1ubuntu1.11
2020-05-21 14:28:41 status unpacked libisccc160:amd64 1:9.11.3+dfsg-1ubuntu1.11
2020-05-21 14:28:41 status half-installed libisccc160:amd64 1:9.11.3+dfsg-1ubuntu1.11
2020-05-21 14:28:41 status half-installed libisccc160:amd64 1:9.11.3+dfsg-1ubuntu1.11
2020-05-21 14:28:41 status unpacked libisccc160:amd64 1:9.11.3+dfsg-1ubuntu1.12
2020-05-21 14:28:41 status unpacked libisccc160:amd64 1:9.11.3+dfsg-1ubuntu1.12
2020-05-21 14:28:41 upgrade libdns1100:amd64 1:9.11.3+dfsg-1ubuntu1.11 1:9.11.3+dfsg-1ubuntu1.12
2020-05-21 14:28:41 status half-configured libdns1100:amd64 1:9.11.3+dfsg-1ubuntu1.11
2020-05-21 14:28:41 status unpacked libdns1100:amd64 1:9.11.3+dfsg-1ubuntu1.11
2020-05-21 14:28:41 status half-installed libdns1100:amd64 1:9.11.3+dfsg-1ubuntu1.11
2020-05-21 14:28:41 status half-installed libdns1100:amd64 1:9.11.3+dfsg-1ubuntu1.11
2020-05-21 14:28:41 status unpacked libdns1100:amd64 1:9.11.3+dfsg-1ubuntu1.12
2020-05-21 14:28:41 status unpacked libdns1100:amd64 1:9.11.3+dfsg-1ubuntu1.12
2020-05-21 14:28:41 upgrade libisc169:amd64 1:9.11.3+dfsg-1ubuntu1.11 1:9.11.3+dfsg-1ubuntu1.12
2020-05-21 14:28:41 status half-configured libisc169:amd64 1:9.11.3+dfsg-1ubuntu1.11
2020-05-21 14:28:41 status unpacked libisc169:amd64 1:9.11.3+dfsg-1ubuntu1.11
2020-05-21 14:28:41 status half-installed libisc169:amd64 1:9.11.3+dfsg-1ubuntu1.11
2020-05-21 14:28:41 status half-installed libisc169:amd64 1:9.11.3+dfsg-1ubuntu1.11
2020-05-21 14:28:41 status unpacked libisc169:amd64 1:9.11.3+dfsg-1ubuntu1.12
2020-05-21 14:28:41 status unpacked libisc169:amd64 1:9.11.3+dfsg-1ubuntu1.12
2020-05-21 14:28:41 upgrade liblwres160:amd64 1:9.11.3+dfsg-1ubuntu1.11 1:9.11.3+dfsg-1ubuntu1.12
2020-05-21 14:28:41 status half-configured liblwres160:amd64 1:9.11.3+dfsg-1ubuntu1.11
2020-05-21 14:28:41 status unpacked liblwres160:amd64 1:9.11.3+dfsg-1ubuntu1.11
2020-05-21 14:28:41 status half-installed liblwres160:amd64 1:9.11.3+dfsg-1ubuntu1.11
2020-05-21 14:28:41 status half-installed liblwres160:amd64 1:9.11.3+dfsg-1ubuntu1.11
2020-05-21 14:28:41 status unpacked liblwres160:amd64 1:9.11.3+dfsg-1ubuntu1.12
2020-05-21 14:28:41 status unpacked liblwres160:amd64 1:9.11.3+dfsg-1ubuntu1.12
2020-05-21 14:28:41 startup packages configure
2020-05-21 14:28:41 configure libisc169:amd64 1:9.11.3+dfsg-1ubuntu1.12 <none>
2020-05-21 14:28:41 status unpacked libisc169:amd64 1:9.11.3+dfsg-1ubuntu1.12
2020-05-21 14:28:41 status half-configured libisc169:amd64 1:9.11.3+dfsg-1ubuntu1.12
2020-05-21 14:28:41 status installed libisc169:amd64 1:9.11.3+dfsg-1ubuntu1.12
2020-05-21 14:28:41 configure libisccc160:amd64 1:9.11.3+dfsg-1ubuntu1.12 <none>
2020-05-21 14:28:41 status unpacked libisccc160:amd64 1:9.11.3+dfsg-1ubuntu1.12
2020-05-21 14:28:41 status half-configured libisccc160:amd64 1:9.11.3+dfsg-1ubuntu1.12
2020-05-21 14:28:41 status installed libisccc160:amd64 1:9.11.3+dfsg-1ubuntu1.12
2020-05-21 14:28:41 configure libdns1100:amd64 1:9.11.3+dfsg-1ubuntu1.12 <none>
2020-05-21 14:28:41 status unpacked libdns1100:amd64 1:9.11.3+dfsg-1ubuntu1.12
2020-05-21 14:28:42 status half-configured libdns1100:amd64 1:9.11.3+dfsg-1ubuntu1.12
2020-05-21 14:28:42 status installed libdns1100:amd64 1:9.11.3+dfsg-1ubuntu1.12
2020-05-21 14:28:42 configure liblwres160:amd64 1:9.11.3+dfsg-1ubuntu1.12 <none>
2020-05-21 14:28:42 status unpacked liblwres160:amd64 1:9.11.3+dfsg-1ubuntu1.12
2020-05-21 14:28:42 status half-configured liblwres160:amd64 1:9.11.3+dfsg-1ubuntu1.12
2020-05-21 14:28:42 status installed liblwres160:amd64 1:9.11.3+dfsg-1ubuntu1.12
2020-05-21 14:28:42 configure libisccfg160:amd64 1:9.11.3+dfsg-1ubuntu1.12 <none>
2020-05-21 14:28:42 status unpacked libisccfg160:amd64 1:9.11.3+dfsg-1ubuntu1.12
2020-05-21 14:28:42 status half-configured libisccfg160:amd64 1:9.11.3+dfsg-1ubuntu1.12
2020-05-21 14:28:42 status installed libisccfg160:amd64 1:9.11.3+dfsg-1ubuntu1.12
2020-05-21 14:28:42 configure libirs160:amd64 1:9.11.3+dfsg-1ubuntu1.12 <none>
2020-05-21 14:28:42 status unpacked libirs160:amd64 1:9.11.3+dfsg-1ubuntu1.12
2020-05-21 14:28:42 status half-configured libirs160:amd64 1:9.11.3+dfsg-1ubuntu1.12
2020-05-21 14:28:42 status installed libirs160:amd64 1:9.11.3+dfsg-1ubuntu1.12
2020-05-21 14:28:42 configure libbind9-160:amd64 1:9.11.3+dfsg-1ubuntu1.12 <none>
2020-05-21 14:28:42 status unpacked libbind9-160:amd64 1:9.11.3+dfsg-1ubuntu1.12
2020-05-21 14:28:42 status half-configured libbind9-160:amd64 1:9.11.3+dfsg-1ubuntu1.12
2020-05-21 14:28:42 status installed libbind9-160:amd64 1:9.11.3+dfsg-1ubuntu1.12
2020-05-21 14:28:42 configure bind9-host:amd64 1:9.11.3+dfsg-1ubuntu1.12 <none>
2020-05-21 14:28:42 status unpacked bind9-host:amd64 1:9.11.3+dfsg-1ubuntu1.12
2020-05-21 14:28:42 status half-configured bind9-host:amd64 1:9.11.3+dfsg-1ubuntu1.12
2020-05-21 14:28:42 status installed bind9-host:amd64 1:9.11.3+dfsg-1ubuntu1.12
2020-05-21 14:28:42 configure dnsutils:amd64 1:9.11.3+dfsg-1ubuntu1.12 <none>
2020-05-21 14:28:42 status unpacked dnsutils:amd64 1:9.11.3+dfsg-1ubuntu1.12
2020-05-21 14:28:42 status half-configured dnsutils:amd64 1:9.11.3+dfsg-1ubuntu1.12
2020-05-21 14:28:42 status installed dnsutils:amd64 1:9.11.3+dfsg-1ubuntu1.12
2020-05-21 14:28:42 trigproc man-db:amd64 2.8.3-2ubuntu0.1 <none>
2020-05-21 14:28:42 status half-configured man-db:amd64 2.8.3-2ubuntu0.1
2020-05-21 14:28:42 status installed man-db:amd64 2.8.3-2ubuntu0.1
2020-05-21 14:28:42 trigproc libc-bin:amd64 2.27-3ubuntu1 <none>
2020-05-21 14:28:42 status half-configured libc-bin:amd64 2.27-3ubuntu1
2020-05-21 14:28:42 status installed libc-bin:amd64 2.27-3ubuntu1
